This is XeTeX, Version 3.14159265-2.6-0.999992 (TeX Live 2020/W32TeX) (preloaded format=xelatex 2020.6.19)  22 JUN 2020 18:28
entering extended mode
 restricted \write18 enabled.
 file:line:error style messages enabled.
 %&-line parsing enabled.
**c:/Users/faka0/Desktop/tex_workspace/report/マルチメディア工学Ⅰ/マルチメディア工学Ⅰ中間レポート_18T1694W_島袋隆也.tex
(c:/Users/faka0/Desktop/tex_workspace/report/マルチメディア工学Ⅰ/マルチメディア工学Ⅰ中間レポート_18T1694W_島袋隆也.tex
LaTeX2e <2020-02-02> patch level 5
L3 programming layer <2020-06-03> (c:/texlive/2020/texmf-dist/tex/latex/bxjscls/bxjsarticle.cls
Document Class: bxjsarticle 2020/05/28 v2.1 BXJS document classes
(c:/texlive/2020/texmf-dist/tex/latex/tools/calc.sty
Package: calc 2017/05/25 v4.3 Infix arithmetic (KKT,FJ)
\calc@Acount=\count163
\calc@Bcount=\count164
\calc@Adimen=\dimen134
\calc@Bdimen=\dimen135
\calc@Askip=\skip47
\calc@Bskip=\skip48
LaTeX Info: Redefining \setlength on input line 80.
LaTeX Info: Redefining \addtolength on input line 81.
\calc@Ccount=\count165
\calc@Cskip=\skip49
) (c:/texlive/2020/texmf-dist/tex/latex/graphics/keyval.sty
Package: keyval 2014/10/28 v1.15 key=value parser (DPC)
\KV@toks@=\toks15
) (c:/texlive/2020/texmf-dist/tex/latex/bxjscls/bxjscompat.sty
Package: bxjscompat 2020/05/28 v2.1 BXJS document classes
) (c:/texlive/2020/texmf-dist/tex/generic/iftex/ifpdf.sty
Package: ifpdf 2019/10/25 v3.4 ifpdf legacy package. Use iftex instead.
 (c:/texlive/2020/texmf-dist/tex/generic/iftex/iftex.sty
Package: iftex 2020/03/06 v1.0d TeX engine tests
))

Class bxjsarticle Warning: The option 'ja' is MISSING!!
(bxjsarticle)              So 'ja=minimal' is assumed as fallback, but
(bxjsarticle)              such implicit setting is now DEPRECATED!
(bxjsarticle)              You should write 'ja=minimal' explicitly,
(bxjsarticle)              if it is intended.

\stockwidth=\dimen136
\stockheight=\dimen137
\jsc@mpt=\dimen138
\jsc@mmm=\dimen139
\jsZw=\dimen140
\jsc@smallskipamount=\skip50
\Cht=\dimen141
\Cdp=\dimen142
\Cwd=\dimen143
\Cvs=\dimen144
\Chs=\dimen145
\fullwidth=\dimen146
(c:/texlive/2020/texmf-dist/tex/latex/geometry/geometry.sty
Package: geometry 2020/01/02 v5.9 Page Geometry
 (c:/texlive/2020/texmf-dist/tex/generic/iftex/ifvtex.sty
Package: ifvtex 2019/10/25 v1.7 ifvtex legacy package. Use iftex instead.
)
\Gm@cnth=\count166
\Gm@cntv=\count167
\c@Gm@tempcnt=\count168
\Gm@bindingoffset=\dimen147
\Gm@wd@mp=\dimen148
\Gm@odd@mp=\dimen149
\Gm@even@mp=\dimen150
\Gm@layoutwidth=\dimen151
\Gm@layoutheight=\dimen152
\Gm@layouthoffset=\dimen153
\Gm@layoutvoffset=\dimen154
\Gm@dimlist=\toks16
)
\c@part=\count169
\c@section=\count170
\c@subsection=\count171
\c@subsubsection=\count172
\c@paragraph=\count173
\c@subparagraph=\count174
\@abstractbox=\box45
\c@figure=\count175
\c@table=\count176
\abovecaptionskip=\skip51
\belowcaptionskip=\skip52
\jsc@tocl@width=\dimen155
\@lnumwidth=\dimen156
\bibindent=\dimen157
 (c:/texlive/2020/texmf-dist/tex/latex/bxwareki/bxwareki.sty
Package: bxwareki 2019/06/01 v0.6
\c@warekiyear=\count177
 (c:/texlive/2020/texmf-dist/tex/latex/bxwareki/bxwareki-cd.def
File: bxwareki-cd.def 2019/06/01 v0.6
)) (c:/texlive/2020/texmf-dist/tex/latex/bxjscls/bxjsja-minimal.def
File: bxjsja-minimal.def 2020/05/28 v2.1 BXJS document classes
\everypar=\toks17
)) (c:/texlive/2020/texmf-dist/tex/xelatex/xltxtra/xltxtra.sty
Package: xltxtra 2018/12/31 v0.7 Improvements for the "XeLaTeX" format
 (c:/texlive/2020/texmf-dist/tex/generic/iftex/ifluatex.sty
Package: ifluatex 2019/10/25 v1.5 ifluatex legacy package. Use iftex instead.
) (c:/texlive/2020/texmf-dist/tex/generic/iftex/ifxetex.sty
Package: ifxetex 2019/10/25 v0.7 ifxetex legacy package. Use iftex instead.
) (c:/texlive/2020/texmf-dist/tex/latex/fontspec/fontspec.sty (c:/texlive/2020/texmf-dist/tex/latex/l3packages/xparse/xparse.sty (c:/texlive/2020/texmf-dist/tex/latex/l3kernel/expl3.sty
Package: expl3 2020-06-03 L3 programming layer (loader) 
 (c:/texlive/2020/texmf-dist/tex/latex/l3backend/l3backend-xdvipdfmx.def
File: l3backend-xdvipdfmx.def 2020-06-03 L3 backend support: xdvipdfmx
\g__graphics_track_int=\count178
\l__pdf_internal_box=\box46
\g__pdf_backend_object_int=\count179
\g__pdf_backend_annotation_int=\count180
))
Package: xparse 2020-05-15 L3 Experimental document command parser
 (c:/texlive/2020/texmf-dist/tex/latex/l3packages/xparse/xparse-generic.tex
\l__xparse_current_arg_int=\count181
\g__xparse_grabber_int=\count182
\l__xparse_m_args_int=\count183
\l__xparse_v_nesting_int=\count184
))
Package: fontspec 2020/02/21 v2.7i Font selection for XeLaTeX and LuaLaTeX
 (c:/texlive/2020/texmf-dist/tex/latex/fontspec/fontspec-xetex.sty
Package: fontspec-xetex 2020/02/21 v2.7i Font selection for XeLaTeX and LuaLaTeX
\l__fontspec_script_int=\count185
\l__fontspec_language_int=\count186
\l__fontspec_strnum_int=\count187
\l__fontspec_tmp_int=\count188
\l__fontspec_tmpa_int=\count189
\l__fontspec_tmpb_int=\count190
\l__fontspec_tmpc_int=\count191
\l__fontspec_em_int=\count192
\l__fontspec_emdef_int=\count193
\l__fontspec_strong_int=\count194
\l__fontspec_strongdef_int=\count195
\l__fontspec_tmpa_dim=\dimen158
\l__fontspec_tmpb_dim=\dimen159
\l__fontspec_tmpc_dim=\dimen160
 (c:/texlive/2020/texmf-dist/tex/latex/base/fontenc.sty
Package: fontenc 2020/02/11 v2.0o Standard LaTeX package
) (c:/texlive/2020/texmf-dist/tex/latex/fontspec/fontspec.cfg)
LaTeX Info: Redefining \strongenv on input line 4186.
LaTeX Info: Redefining \strong on input line 4205.
)) (c:/texlive/2020/texmf-dist/tex/latex/realscripts/realscripts.sty
Package: realscripts 2016/02/13 v0.3d Access OpenType subscripts and superscripts
\subsupersep=\dimen161
) (c:/texlive/2020/texmf-dist/tex/latex/metalogo/metalogo.sty
Package: metalogo 2010/05/29 v0.12 Extended TeX logo macros
 (c:/texlive/2020/texmf-dist/tex/latex/graphics/graphicx.sty
Package: graphicx 2019/11/30 v1.2a Enhanced LaTeX Graphics (DPC,SPQR)
 (c:/texlive/2020/texmf-dist/tex/latex/graphics/graphics.sty
Package: graphics 2019/11/30 v1.4a Standard LaTeX Graphics (DPC,SPQR)
 (c:/texlive/2020/texmf-dist/tex/latex/graphics/trig.sty
Package: trig 2016/01/03 v1.10 sin cos tan (DPC)
) (c:/texlive/2020/texmf-dist/tex/latex/graphics-cfg/graphics.cfg
File: graphics.cfg 2016/06/04 v1.11 sample graphics configuration
)
Package graphics Info: Driver file: xetex.def on input line 105.
 (c:/texlive/2020/texmf-dist/tex/latex/graphics-def/xetex.def
File: xetex.def 2017/06/24 v5.0h Graphics/color driver for xetex
))
\Gin@req@height=\dimen162
\Gin@req@width=\dimen163
)
\xl@everylogo=\toks18
\xl@@everylogo=\toks19
LaTeX Info: Redefining \TeX on input line 193.
LaTeX Info: Redefining \LaTeX on input line 202.
LaTeX Info: Redefining \LaTeXe on input line 219.
)
\l__xetex_show_hyphens_wrapping_box=\box47
\l__xetex_show_hyphens_temp_box=\box48
\l__xetex_show_hyphens_final_box=\box49
\g__xetex_show_hyphens_word_box=\box50
) (c:/texlive/2020/texmf-dist/tex/latex/zxjatype/zxjatype.sty
Package: zxjatype 2020/01/22 v0.7 ZX Japanese typeset
 (c:/texlive/2020/texmf-dist/tex/xelatex/xecjk/xeCJK.sty
Package: xeCJK 2020/06/06 v3.8.4 Typesetting CJK scripts with XeLaTeX
 (c:/texlive/2020/texmf-dist/tex/latex/l3packages/l3keys2e/l3keys2e.sty
Package: l3keys2e 2020-05-15 LaTeX2e option processing using LaTeX3 keys
) (c:/texlive/2020/texmf-dist/tex/latex/l3packages/xtemplate/xtemplate.sty
Package: xtemplate 2020-05-15 L3 Experimental prototype document functions
\l__xtemplate_tmp_dim=\dimen164
\l__xtemplate_tmp_int=\count196
\l__xtemplate_tmp_muskip=\muskip16
\l__xtemplate_tmp_skip=\skip53
)
\l__xeCJK_tmp_int=\count197
\l__xeCJK_tmp_box=\box51
\l__xeCJK_tmp_dim=\dimen165
\l__xeCJK_tmp_skip=\skip54
 (c:/texlive/2020/texmf-dist/tex/latex/ctex/ctexhook.sty
Package: ctexhook 2020/06/06 v2.5.3 Document and package hooks (CTEX)
)
\g__xeCJK_space_factor_int=\count198
\l__xeCJK_begin_int=\count199
\l__xeCJK_end_int=\count266
\c__xeCJK_CJK_class_int=\XeTeXcharclass1
\c__xeCJK_FullLeft_class_int=\XeTeXcharclass2
\c__xeCJK_FullRight_class_int=\XeTeXcharclass3
\c__xeCJK_HalfLeft_class_int=\XeTeXcharclass4
\c__xeCJK_HalfRight_class_int=\XeTeXcharclass5
\c__xeCJK_NormalSpace_class_int=\XeTeXcharclass6
\c__xeCJK_CM_class_int=\XeTeXcharclass7
\c__xeCJK_HangulJamo_class_int=\XeTeXcharclass8
\l__xeCJK_last_skip=\skip55
\g__xeCJK_node_int=\count267
\c__xeCJK_CJK_node_dim=\dimen166
\c__xeCJK_CJK-space_node_dim=\dimen167
\c__xeCJK_default_node_dim=\dimen168
\c__xeCJK_default-space_node_dim=\dimen169
\c__xeCJK_CJK-widow_node_dim=\dimen170
\c__xeCJK_normalspace_node_dim=\dimen171
\l__xeCJK_ccglue_skip=\skip56
\l__xeCJK_ecglue_skip=\skip57
\l__xeCJK_punct_kern_skip=\skip58
\l__xeCJK_last_penalty_int=\count268
\l__xeCJK_last_bound_dim=\dimen172
\l__xeCJK_last_kern_dim=\dimen173
\l__xeCJK_widow_penalty_int=\count269

Package xtemplate Info: Declaring object type 'xeCJK/punctuation' taking 0
(xtemplate)             argument(s) on line 2329.

\l__xeCJK_fixed_punct_width_dim=\dimen174
\l__xeCJK_mixed_punct_width_dim=\dimen175
\l__xeCJK_middle_punct_width_dim=\dimen176
\l__xeCJK_fixed_margin_width_dim=\dimen177
\l__xeCJK_mixed_margin_width_dim=\dimen178
\l__xeCJK_middle_margin_width_dim=\dimen179
\l__xeCJK_bound_punct_width_dim=\dimen180
\l__xeCJK_bound_margin_width_dim=\dimen181
\l__xeCJK_margin_minimum_dim=\dimen182
\l__xeCJK_kerning_total_width_dim=\dimen183
\l__xeCJK_same_align_margin_dim=\dimen184
\l__xeCJK_different_align_margin_dim=\dimen185
\l__xeCJK_kerning_margin_width_dim=\dimen186
\l__xeCJK_kerning_margin_minimum_dim=\dimen187
\l__xeCJK_bound_dim=\dimen188
\l__xeCJK_reverse_bound_dim=\dimen189
\l__xeCJK_margin_dim=\dimen190
\l__xeCJK_minimum_bound_dim=\dimen191
\l__xeCJK_kerning_margin_dim=\dimen192
\g__xeCJK_family_int=\count270
\l__xeCJK_fam_int=\count271
\g__xeCJK_fam_allocation_int=\count272
\l__xeCJK_verb_case_int=\count273
\l__xeCJK_verb_exspace_skip=\skip59
 (c:/texlive/2020/texmf-dist/tex/xelatex/xecjk/xeCJK.cfg
File: xeCJK.cfg 2020/06/06 v3.8.4 Configuration file for xeCJK package
))
\l__zxjt_tmpa_dim=\dimen193
\g__zxjt_tmpa_box=\box52
\l__zxjt_leftglue_skip=\skip60
) (c:/texlive/2020/texmf-dist/tex/latex/here/here.sty) (c:/texlive/2020/texmf-dist/tex/latex/float/float.sty
Package: float 2001/11/08 v1.3d Float enhancements (AL)
\c@float@type=\count274
\float@exts=\toks20
\float@box=\box53
\@float@everytoks=\toks21
\@floatcapt=\box54
)

Package fontspec Info: Font family 'ipaexm.ttf(0)' created for font
(fontspec)             'ipaexm.ttf' with options
(fontspec)             [Script={CJK},Scale={0.924715},BoldFont={ipaexm.ttf}].
(fontspec)              
(fontspec)              This font family consists of the following NFSS
(fontspec)             series/shapes:
(fontspec)              
(fontspec)             - 'normal' (m/n) with NFSS spec.:
(fontspec)             <->s*[0.924715]"[ipaexm.ttf]/OT:script=hani;language=dflt;"
(fontspec)             - 'small caps'  (m/sc) with NFSS spec.: 
(fontspec)             - 'bold' (b/n) with NFSS spec.:
(fontspec)             <->s*[0.924715]"[ipaexm.ttf]/OT:script=hani;language=dflt;"
(fontspec)             - 'bold small caps'  (b/sc) with NFSS spec.: 

 (c:/texlive/2020/texmf-dist/tex/latex/enumitem/enumitem.sty
Package: enumitem 2019/06/20 v3.9 Customized lists
\labelindent=\skip61
\enit@outerparindent=\dimen194
\enit@toks=\toks22
\enit@inbox=\box55
\enit@count@id=\count275
\enitdp@description=\count276
) (c:/texlive/2020/texmf-dist/tex/latex/amsmath/amsmath.sty
Package: amsmath 2020/01/20 v2.17e AMS math features
\@mathmargin=\skip62

For additional information on amsmath, use the `?' option.
(c:/texlive/2020/texmf-dist/tex/latex/amsmath/amstext.sty
Package: amstext 2000/06/29 v2.01 AMS text
 (c:/texlive/2020/texmf-dist/tex/latex/amsmath/amsgen.sty
File: amsgen.sty 1999/11/30 v2.0 generic functions
\@emptytoks=\toks23
\ex@=\dimen195
)) (c:/texlive/2020/texmf-dist/tex/latex/amsmath/amsbsy.sty
Package: amsbsy 1999/11/29 v1.2d Bold Symbols
\pmbraise@=\dimen196
) (c:/texlive/2020/texmf-dist/tex/latex/amsmath/amsopn.sty
Package: amsopn 2016/03/08 v2.02 operator names
)
\inf@bad=\count277
LaTeX Info: Redefining \frac on input line 227.
\uproot@=\count278
\leftroot@=\count279
LaTeX Info: Redefining \overline on input line 389.
\classnum@=\count280
\DOTSCASE@=\count281
LaTeX Info: Redefining \ldots on input line 486.
LaTeX Info: Redefining \dots on input line 489.
LaTeX Info: Redefining \cdots on input line 610.
\Mathstrutbox@=\box56
\strutbox@=\box57
\big@size=\dimen197
LaTeX Font Info:    Redeclaring font encoding OML on input line 733.
LaTeX Font Info:    Redeclaring font encoding OMS on input line 734.
\macc@depth=\count282
\c@MaxMatrixCols=\count283
\dotsspace@=\muskip17
\c@parentequation=\count284
\dspbrk@lvl=\count285
\tag@help=\toks24
\row@=\count286
\column@=\count287
\maxfields@=\count288
\andhelp@=\toks25
\eqnshift@=\dimen198
\alignsep@=\dimen199
\tagshift@=\dimen256
\tagwidth@=\dimen257
\totwidth@=\dimen258
\lineht@=\dimen259
\@envbody=\toks26
\multlinegap=\skip63
\multlinetaggap=\skip64
\mathdisplay@stack=\toks27
LaTeX Info: Redefining \[ on input line 2859.
LaTeX Info: Redefining \] on input line 2860.
) (c:/texlive/2020/texmf-dist/tex/latex/amsfonts/amssymb.sty
Package: amssymb 2013/01/14 v3.01 AMS font symbols
 (c:/texlive/2020/texmf-dist/tex/latex/amsfonts/amsfonts.sty
Package: amsfonts 2013/01/14 v3.01 Basic AMSFonts support
\symAMSa=\mathgroup4
\symAMSb=\mathgroup5
LaTeX Font Info:    Redeclaring math symbol \hbar on input line 98.
LaTeX Font Info:    Overwriting math alphabet `\mathfrak' in version `bold'
(Font)                  U/euf/m/n --> U/euf/b/n on input line 106.
)) (c:/texlive/2020/texmf-dist/tex/latex/booktabs/booktabs.sty
Package: booktabs 2020/01/12 v1.61803398 Publication quality tables
\heavyrulewidth=\dimen260
\lightrulewidth=\dimen261
\cmidrulewidth=\dimen262
\belowrulesep=\dimen263
\belowbottomsep=\dimen264
\aboverulesep=\dimen265
\abovetopsep=\dimen266
\cmidrulesep=\dimen267
\cmidrulekern=\dimen268
\defaultaddspace=\dimen269
\@cmidla=\count289
\@cmidlb=\count290
\@aboverulesep=\dimen270
\@belowrulesep=\dimen271
\@thisruleclass=\count291
\@lastruleclass=\count292
\@thisrulewidth=\dimen272
) (c:/texlive/2020/texmf-dist/tex/latex/listings/listings.sty
\lst@mode=\count293
\lst@gtempboxa=\box58
\lst@token=\toks28
\lst@length=\count294
\lst@currlwidth=\dimen273
\lst@column=\count295
\lst@pos=\count296
\lst@lostspace=\dimen274
\lst@width=\dimen275
\lst@newlines=\count297
\lst@lineno=\count298
\lst@maxwidth=\dimen276
 (c:/texlive/2020/texmf-dist/tex/latex/listings/lstmisc.sty
File: lstmisc.sty 2020/03/24 1.8d (Carsten Heinz)
\c@lstnumber=\count299
\lst@skipnumbers=\count300
\lst@framebox=\box59
) (c:/texlive/2020/texmf-dist/tex/latex/listings/listings.cfg
File: listings.cfg 2020/03/24 1.8d listings configuration
))
Package: listings 2020/03/24 1.8d (Carsten Heinz)
 (c:/texlive/2020/texmf-dist/tex/xelatex/xecjk/xeCJK-listings.sty
Package: xeCJK-listings 2020/06/06 v3.8.4 xeCJK patch file for listings
\l__xeCJK_listings_max_char_int=\count301
\l__xeCJK_listings_flag_int=\count302
) (c:/texlive/2020/texmf-dist/tex/latex/tools/bm.sty
Package: bm 2019/07/24 v1.2d Bold Symbol Support (DPC/FMi)
\symboldoperators=\mathgroup6
\symboldletters=\mathgroup7
\symboldsymbols=\mathgroup8
LaTeX Font Info:    Redeclaring math alphabet \mathbf on input line 141.
LaTeX Info: Redefining \bm on input line 209.
) (./マルチメディア工学Ⅰ中間レポート_18T1694W_島袋隆也.aux)
\openout1 = `マルチメディア工学Ⅰ中間レポート_18T1694W_島袋隆也.aux'.

LaTeX Font Info:    Checking defaults for OML/cmm/m/it on input line 19.
LaTeX Font Info:    ... okay on input line 19.
LaTeX Font Info:    Checking defaults for OMS/cmsy/m/n on input line 19.
LaTeX Font Info:    ... okay on input line 19.
LaTeX Font Info:    Checking defaults for OT1/cmr/m/n on input line 19.
LaTeX Font Info:    ... okay on input line 19.
LaTeX Font Info:    Checking defaults for T1/cmr/m/n on input line 19.
LaTeX Font Info:    ... okay on input line 19.
LaTeX Font Info:    Checking defaults for TS1/cmr/m/n on input line 19.
LaTeX Font Info:    Trying to load font information for TS1+cmr on input line 19.
 (c:/texlive/2020/texmf-dist/tex/latex/base/ts1cmr.fd
File: ts1cmr.fd 2019/12/16 v2.5j Standard LaTeX font definitions
)
LaTeX Font Info:    ... okay on input line 19.
LaTeX Font Info:    Checking defaults for TU/lmr/m/n on input line 19.
LaTeX Font Info:    ... okay on input line 19.
LaTeX Font Info:    Checking defaults for OMX/cmex/m/n on input line 19.
LaTeX Font Info:    ... okay on input line 19.
LaTeX Font Info:    Checking defaults for U/cmr/m/n on input line 19.
LaTeX Font Info:    ... okay on input line 19.

*geometry* driver: auto-detecting
*geometry* detected driver: xetex
*geometry* verbose mode - [ preamble ] result:
* driver: xetex
* paper: a4paper
* layout: <same size as paper>
* layoutoffset:(h,v)=(0.0pt,0.0pt)
* hratio: 1:1
* vratio: 1:1
* modes: includehead includefoot truedimen 
* h-part:(L,W,R)=(65.48181pt, 414.70561pt, 65.48181pt)
* v-part:(T,H,B)=(65.59653pt, 640.53917pt, 65.59654pt)
* \paperwidth=545.66924pt
* \paperheight=771.73224pt
* \textwidth=406.87378pt
* \textheight=586.0pt
* \oddsidemargin=3.39798pt
* \evensidemargin=3.39798pt
* \topmargin=-9.1226pt
* \headheight=20.0pt
* \headsep=15.98897pt
* \topskip=10.0pt
* \footskip=25.98897pt
* \marginparwidth=18.49426pt
* \marginparsep=18.49426pt
* \columnsep=18.49426pt
* \skip\footins=16.0pt plus 5.0pt minus 2.0pt
* \hoffset=0.00548pt
* \voffset=0.00548pt
* \mag=1095
* \@twocolumnfalse
* \@twosidefalse
* \@mparswitchfalse
* \@reversemarginfalse
* (1in=72.27pt=25.4mm, 1cm=28.453pt)


Package fontspec Info: Adjusting the maths setup (use [no-math] to avoid
(fontspec)             this).

\symlegacymaths=\mathgroup9
LaTeX Font Info:    Overwriting symbol font `legacymaths' in version `bold'
(Font)                  OT1/cmr/m/n --> OT1/cmr/bx/n on input line 19.
LaTeX Font Info:    Redeclaring math accent \acute on input line 19.
LaTeX Font Info:    Redeclaring math accent \grave on input line 19.
LaTeX Font Info:    Redeclaring math accent \ddot on input line 19.
LaTeX Font Info:    Redeclaring math accent \tilde on input line 19.
LaTeX Font Info:    Redeclaring math accent \bar on input line 19.
LaTeX Font Info:    Redeclaring math accent \breve on input line 19.
LaTeX Font Info:    Redeclaring math accent \check on input line 19.
LaTeX Font Info:    Redeclaring math accent \hat on input line 19.
LaTeX Font Info:    Redeclaring math accent \dot on input line 19.
LaTeX Font Info:    Redeclaring math accent \mathring on input line 19.
LaTeX Font Info:    Redeclaring math symbol \Gamma on input line 19.
LaTeX Font Info:    Redeclaring math symbol \Delta on input line 19.
LaTeX Font Info:    Redeclaring math symbol \Theta on input line 19.
LaTeX Font Info:    Redeclaring math symbol \Lambda on input line 19.
LaTeX Font Info:    Redeclaring math symbol \Xi on input line 19.
LaTeX Font Info:    Redeclaring math symbol \Pi on input line 19.
LaTeX Font Info:    Redeclaring math symbol \Sigma on input line 19.
LaTeX Font Info:    Redeclaring math symbol \Upsilon on input line 19.
LaTeX Font Info:    Redeclaring math symbol \Phi on input line 19.
LaTeX Font Info:    Redeclaring math symbol \Psi on input line 19.
LaTeX Font Info:    Redeclaring math symbol \Omega on input line 19.
LaTeX Font Info:    Redeclaring math symbol \mathdollar on input line 19.
LaTeX Font Info:    Redeclaring symbol font `operators' on input line 19.
LaTeX Font Info:    Encoding `OT1' has changed to `TU' for symbol font
(Font)              `operators' in the math version `normal' on input line 19.
LaTeX Font Info:    Overwriting symbol font `operators' in version `normal'
(Font)                  OT1/cmr/m/n --> TU/lmr/m/n on input line 19.
LaTeX Font Info:    Encoding `OT1' has changed to `TU' for symbol font
(Font)              `operators' in the math version `bold' on input line 19.
LaTeX Font Info:    Overwriting symbol font `operators' in version `bold'
(Font)                  OT1/cmr/bx/n --> TU/lmr/m/n on input line 19.
LaTeX Font Info:    Overwriting symbol font `operators' in version `normal'
(Font)                  TU/lmr/m/n --> TU/lmr/m/n on input line 19.
LaTeX Font Info:    Overwriting math alphabet `\mathit' in version `normal'
(Font)                  OT1/cmr/m/it --> TU/lmr/m/it on input line 19.
LaTeX Font Info:    Overwriting math alphabet `\mathbf' in version `normal'
(Font)                  OT1/cmr/bx/n --> TU/lmr/b/n on input line 19.
LaTeX Font Info:    Overwriting math alphabet `\mathsf' in version `normal'
(Font)                  OT1/cmss/m/n --> TU/lmss/m/n on input line 19.
LaTeX Font Info:    Overwriting math alphabet `\mathtt' in version `normal'
(Font)                  OT1/cmtt/m/n --> TU/lmtt/m/n on input line 19.
LaTeX Font Info:    Overwriting symbol font `operators' in version `bold'
(Font)                  TU/lmr/m/n --> TU/lmr/b/n on input line 19.
LaTeX Font Info:    Overwriting math alphabet `\mathit' in version `bold'
(Font)                  OT1/cmr/bx/it --> TU/lmr/b/it on input line 19.
LaTeX Font Info:    Overwriting math alphabet `\mathsf' in version `bold'
(Font)                  OT1/cmss/bx/n --> TU/lmss/b/n on input line 19.
LaTeX Font Info:    Overwriting math alphabet `\mathtt' in version `bold'
(Font)                  OT1/cmtt/m/n --> TU/lmtt/b/n on input line 19.
LaTeX Font Info:    Font shape `TU/ipaexm.ttf(0)/m/n' will be
(Font)              scaled to size 9.24713pt on input line 19.

Package fontspec Info: Font family 'ipaexg.ttf(0)' created for font
(fontspec)             'ipaexg.ttf' with options
(fontspec)             [Script={CJK},Scale={0.924715},BoldFont={ipaexg.ttf}].
(fontspec)              
(fontspec)              This font family consists of the following NFSS
(fontspec)             series/shapes:
(fontspec)              
(fontspec)             - 'normal' (m/n) with NFSS spec.:
(fontspec)             <->s*[0.924715]"[ipaexg.ttf]/OT:script=hani;language=dflt;"
(fontspec)             - 'small caps'  (m/sc) with NFSS spec.: 
(fontspec)             - 'bold' (b/n) with NFSS spec.:
(fontspec)             <->s*[0.924715]"[ipaexg.ttf]/OT:script=hani;language=dflt;"
(fontspec)             - 'bold small caps'  (b/sc) with NFSS spec.: 

LaTeX Font Info:    Font shape `TU/ipaexg.ttf(0)/m/n' will be
(Font)              scaled to size 9.24713pt on input line 19.
\c@lstlisting=\count303
LaTeX Font Info:    Font shape `TU/ipaexm.ttf(0)/m/n' will be
(Font)              scaled to size 23.00687pt on input line 23.
Missing character: There is no Ⅰ in font [lmroman17-regular]:mapping=tex-text;!
LaTeX Font Info:    Font shape `TU/ipaexm.ttf(0)/m/n' will be
(Font)              scaled to size 19.17854pt on input line 27.
[1

]
LaTeX Font Info:    Font shape `TU/ipaexg.ttf(0)/m/n' will be
(Font)              scaled to size 13.31586pt on input line 35.
LaTeX Font Info:    Font shape `TU/ipaexm.ttf(0)/m/n' will be
(Font)              scaled to size 8.32242pt on input line 45.
LaTeX Font Info:    Trying to load font information for U+msa on input line 46.
 (c:/texlive/2020/texmf-dist/tex/latex/amsfonts/umsa.fd
File: umsa.fd 2013/01/14 v3.01 AMS symbols A
)
LaTeX Font Info:    Trying to load font information for U+msb on input line 46.
 (c:/texlive/2020/texmf-dist/tex/latex/amsfonts/umsb.fd
File: umsb.fd 2013/01/14 v3.01 AMS symbols B
) [1]

LaTeX Warning: Reference `' on page 2 undefined on input line 94.


LaTeX Warning: Reference `' on page 2 undefined on input line 94.

LaTeX Font Info:    Font shape `TU/ipaexg.ttf(0)/m/n' will be
(Font)              scaled to size 11.09656pt on input line 95.
[2] (./マルチメディア工学Ⅰ中間レポート_18T1694W_島袋隆也.aux)

LaTeX Warning: There were undefined references.

 ) 
Here is how much of TeX's memory you used:
 9620 strings out of 479284
 220902 string characters out of 5884020
 522185 words of memory out of 5000000
 27129 multiletter control sequences out of 15000+600000
 536986 words of font info for 65 fonts, out of 8000000 for 9000
 1353 hyphenation exceptions out of 8191
 52i,8n,82p,357b,367s stack positions out of 5000i,500n,10000p,200000b,80000s

Output written on マルチメディア工学Ⅰ中間レポート_18T1694W_島袋隆也.xdv (3 pages, 16612 bytes).
